# JRE version: Java(TM) SE Runtime Environment (8.0_45-b14) (build 1.8.0_45-b14)
# Java VM: Java HotSpot(TM) 64-Bit Server VM (25.45-b02 mixed mode bsd-amd64 compressed oops)
Heap:
 PSYoungGen      total 243200K, used 27076K [0x00000007aab00000, 0x00000007bf900000, 0x00000007c0000000)
  eden space 140800K, 0% used [0x00000007aab00000,0x00000007aab00000,0x00000007b3480000)
  from space 102400K, 26% used [0x00000007b9300000,0x00000007bad71218,0x00000007bf700000)
  to   space 96768K, 0% used [0x00000007b3480000,0x00000007b3480000,0x00000007b9300000)
 ParOldGen       total 604672K, used 558816K [0x0000000780000000, 0x00000007a4e80000, 0x00000007aab00000)
  object space 604672K, 92% used [0x0000000780000000,0x00000007a21b8030,0x00000007a4e80000)
 Metaspace       used 107011K, capacity 113558K, committed 113920K, reserved 1148928K
  class space    used 13301K, capacity 14216K, committed 14336K, reserved 1048576K
GC Heap History (10 events):
Event: 14167.120 GC heap after
Heap after GC invocations=121 (full 27):
 PSYoungGen      total 232960K, used 63955K [0x00000007aab00000, 0x00000007c0000000, 0x00000007c0000000)
  eden space 129024K, 0% used [0x00000007aab00000,0x00000007aab00000,0x00000007b2900000)
  from space 103936K, 61% used [0x00000007b9300000,0x00000007bd174ff0,0x00000007bf880000)
  to   space 108544K, 0% used [0x00000007b2900000,0x00000007b2900000,0x00000007b9300000)
 ParOldGen       total 604672K, used 423289K [0x0000000780000000, 0x00000007a4e80000, 0x00000007aab00000)
  object space 604672K, 70% used [0x0000000780000000,0x0000000799d5e590,0x00000007a4e80000)
 Metaspace       used 102268K, capacity 108558K, committed 108672K, reserved 1144832K
  class space    used 12749K, capacity 13614K, committed 13696K, reserved 1048576K
}
Event: 14180.713 GC heap before
{Heap before GC invocations=122 (full 27):
 PSYoungGen      total 232960K, used 192979K [0x00000007aab00000, 0x00000007c0000000, 0x00000007c0000000)
  eden space 129024K, 100% used [0x00000007aab00000,0x00000007b2900000,0x00000007b2900000)
  from space 103936K, 61% used [0x00000007b9300000,0x00000007bd174ff0,0x00000007bf880000)
  to   space 108544K, 0% used [0x00000007b2900000,0x00000007b2900000,0x00000007b9300000)
 ParOldGen       total 604672K, used 423289K [0x0000000780000000, 0x00000007a4e80000, 0x00000007aab00000)
  object space 604672K, 70% used [0x0000000780000000,0x0000000799d5e590,0x00000007a4e80000)
 Metaspace       used 102367K, capacity 108734K, committed 108928K, reserved 1144832K
  class space    used 12759K, capacity 13626K, committed 13696K, reserved 1048576K
Event: 14180.782 GC heap after
Heap after GC invocations=122 (full 27):
 PSYoungGen      total 237568K, used 6792K [0x00000007aab00000, 0x00000007bff80000, 0x00000007c0000000)
  eden space 129024K, 0% used [0x00000007aab00000,0x00000007aab00000,0x00000007b2900000)
  from space 108544K, 6% used [0x00000007b2900000,0x00000007b2fa2188,0x00000007b9300000)
  to   space 105984K, 0% used [0x00000007b9800000,0x00000007b9800000,0x00000007bff80000)
 ParOldGen       total 604672K, used 480871K [0x0000000780000000, 0x00000007a4e80000, 0x00000007aab00000)
  object space 604672K, 79% used [0x0000000780000000,0x000000079d599e90,0x00000007a4e80000)
 Metaspace       used 102367K, capacity 108734K, committed 108928K, reserved 1144832K
  class space    used 12759K, capacity 13626K, committed 13696K, reserved 1048576K
}
Event: 14182.041 GC heap before
{Heap before GC invocations=123 (full 27):
 PSYoungGen      total 237568K, used 135816K [0x00000007aab00000, 0x00000007bff80000, 0x00000007c0000000)
  eden space 129024K, 100% used [0x00000007aab00000,0x00000007b2900000,0x00000007b2900000)
  from space 108544K, 6% used [0x00000007b2900000,0x00000007b2fa2188,0x00000007b9300000)
  to   space 105984K, 0% used [0x00000007b9800000,0x00000007b9800000,0x00000007bff80000)
 ParOldGen       total 604672K, used 480871K [0x0000000780000000, 0x00000007a4e80000, 0x00000007aab00000)
  object space 604672K, 79% used [0x0000000780000000,0x000000079d599e90,0x00000007a4e80000)
 Metaspace       used 105801K, capacity 112236K, committed 112384K, reserved 1146880K
  class space    used 13104K, capacity 13997K, committed 14080K, reserved 1048576K
Event: 14182.094 GC heap after
Heap after GC invocations=123 (full 27):
 PSYoungGen      total 239104K, used 56787K [0x00000007aab00000, 0x00000007c0000000, 0x00000007c0000000)
  eden space 133120K, 0% used [0x00000007aab00000,0x00000007aab00000,0x00000007b2d00000)
  from space 105984K, 53% used [0x00000007b9800000,0x00000007bcf74f80,0x00000007bff80000)
  to   space 108032K, 0% used [0x00000007b2d00000,0x00000007b2d00000,0x00000007b9680000)
 ParOldGen       total 604672K, used 486778K [0x0000000780000000, 0x00000007a4e80000, 0x00000007aab00000)
  object space 604672K, 80% used [0x0000000780000000,0x000000079db5eac8,0x00000007a4e80000)
 Metaspace       used 105801K, capacity 112236K, committed 112384K, reserved 1146880K
  class space    used 13104K, capacity 13997K, committed 14080K, reserved 1048576K
}
Event: 14347.201 GC heap before
{Heap before GC invocations=124 (full 27):
 PSYoungGen      total 239104K, used 189907K [0x00000007aab00000, 0x00000007c0000000, 0x00000007c0000000)
  eden space 133120K, 100% used [0x00000007aab00000,0x00000007b2d00000,0x00000007b2d00000)
  from space 105984K, 53% used [0x00000007b9800000,0x00000007bcf74f80,0x00000007bff80000)
  to   space 108032K, 0% used [0x00000007b2d00000,0x00000007b2d00000,0x00000007b9680000)
 ParOldGen       total 604672K, used 486778K [0x0000000780000000, 0x00000007a4e80000, 0x00000007aab00000)
  object space 604672K, 80% used [0x0000000780000000,0x000000079db5eac8,0x00000007a4e80000)
 Metaspace       used 106527K, capacity 112970K, committed 113280K, reserved 1148928K
  class space    used 13255K, capacity 14134K, committed 14208K, reserved 1048576K
Event: 14347.323 GC heap after
Heap after GC invocations=124 (full 27):
 PSYoungGen      total 155648K, used 22158K [0x00000007aab00000, 0x00000007bf700000, 0x00000007c0000000)
  eden space 133120K, 0% used [0x00000007aab00000,0x00000007aab00000,0x00000007b2d00000)
  from space 22528K, 98% used [0x00000007b2d00000,0x00000007b42a38e8,0x00000007b4300000)
  to   space 102400K, 0% used [0x00000007b9300000,0x00000007b9300000,0x00000007bf700000)
 ParOldGen       total 604672K, used 538109K [0x0000000780000000, 0x00000007a4e80000, 0x00000007aab00000)
  object space 604672K, 88% used [0x0000000780000000,0x00000007a0d7f568,0x00000007a4e80000)
 Metaspace       used 106527K, capacity 112970K, committed 113280K, reserved 1148928K
  class space    used 13255K, capacity 14134K, committed 14208K, reserved 1048576K
}
Event: 14352.894 GC heap before
{Heap before GC invocations=125 (full 27):
 PSYoungGen      total 155648K, used 155277K [0x00000007aab00000, 0x00000007bf700000, 0x00000007c0000000)
  eden space 133120K, 99% used [0x00000007aab00000,0x00000007b2cffbf8,0x00000007b2d00000)
  from space 22528K, 98% used [0x00000007b2d00000,0x00000007b42a38e8,0x00000007b4300000)
  to   space 102400K, 0% used [0x00000007b9300000,0x00000007b9300000,0x00000007bf700000)
 ParOldGen       total 604672K, used 538109K [0x0000000780000000, 0x00000007a4e80000, 0x00000007aab00000)
  object space 604672K, 88% used [0x0000000780000000,0x00000007a0d7f568,0x00000007a4e80000)
 Metaspace       used 107011K, capacity 113558K, committed 113920K, reserved 1148928K
  class space    used 13301K, capacity 14216K, committed 14336K, reserved 1048576K
Event: 14352.957 GC heap after
Heap after GC invocations=125 (full 27):
 PSYoungGen      total 243200K, used 27076K [0x00000007aab00000, 0x00000007bf900000, 0x00000007c0000000)
  eden space 140800K, 0% used [0x00000007aab00000,0x00000007aab00000,0x00000007b3480000)
  from space 102400K, 26% used [0x00000007b9300000,0x00000007bad71218,0x00000007bf700000)
  to   space 96768K, 0% used [0x00000007b3480000,0x00000007b3480000,0x00000007b9300000)
 ParOldGen       total 604672K, used 558816K [0x0000000780000000, 0x00000007a4e80000, 0x00000007aab00000)
  object space 604672K, 92% used [0x0000000780000000,0x00000007a21b8030,0x00000007a4e80000)
 Metaspace       used 107011K, capacity 113558K, committed 113920K, reserved 1148928K
  class space    used 13301K, capacity 14216K, committed 14336K, reserved 1048576K
}
Event: 14352.957 GC heap before
{Heap before GC invocations=126 (full 28):
 PSYoungGen      total 243200K, used 27076K [0x00000007aab00000, 0x00000007bf900000, 0x00000007c0000000)
  eden space 140800K, 0% used [0x00000007aab00000,0x00000007aab00000,0x00000007b3480000)
  from space 102400K, 26% used [0x00000007b9300000,0x00000007bad71218,0x00000007bf700000)
  to   space 96768K, 0% used [0x00000007b3480000,0x00000007b3480000,0x00000007b9300000)
 ParOldGen       total 604672K, used 558816K [0x0000000780000000, 0x00000007a4e80000, 0x00000007aab00000)
  object space 604672K, 92% used [0x0000000780000000,0x00000007a21b8030,0x00000007a4e80000)
 Metaspace       used 107011K, capacity 113558K, committed 113920K, reserved 1148928K
  class space    used 13301K, capacity 14216K, committed 14336K, reserved 1048576K

