# JRE version: Java(TM) SE Runtime Environment (8.0_45-b14) (build 1.8.0_45-b14)
# Java VM: Java HotSpot(TM) 64-Bit Server VM (25.45-b02 mixed mode bsd-amd64 compressed oops)
Heap:
 PSYoungGen      total 95744K, used 34631K [0x00000007aab00000, 0x00000007b2500000, 0x00000007c0000000)
  eden space 82944K, 41% used [0x00000007aab00000,0x00000007accd1fd8,0x00000007afc00000)
  from space 12800K, 0% used [0x00000007b0a00000,0x00000007b0a00000,0x00000007b1680000)
  to   space 14336K, 0% used [0x00000007afc00000,0x00000007afc00000,0x00000007b0a00000)
 ParOldGen       total 85504K, used 19207K [0x0000000780000000, 0x0000000785380000, 0x00000007aab00000)
  object space 85504K, 22% used [0x0000000780000000,0x00000007812c1ff8,0x0000000785380000)
 Metaspace       used 37504K, capacity 38340K, committed 38656K, reserved 1083392K
  class space    used 5086K, capacity 5329K, committed 5376K, reserved 1048576K
GC Heap History (10 events):
Event: 19.082 GC heap before
{Heap before GC invocations=8 (full 1):
 PSYoungGen      total 56832K, used 50572K [0x00000007aab00000, 0x00000007aee80000, 0x00000007c0000000)
  eden space 46592K, 100% used [0x00000007aab00000,0x00000007ad880000,0x00000007ad880000)
  from space 10240K, 38% used [0x00000007ae480000,0x00000007ae8632e0,0x00000007aee80000)
  to   space 11264K, 0% used [0x00000007ad880000,0x00000007ad880000,0x00000007ae380000)
 ParOldGen       total 66560K, used 9722K [0x0000000780000000, 0x0000000784100000, 0x00000007aab00000)
  object space 66560K, 14% used [0x0000000780000000,0x000000078097ea18,0x0000000784100000)
 Metaspace       used 27530K, capacity 27998K, committed 28160K, reserved 1073152K
  class space    used 3733K, capacity 3838K, committed 3840K, reserved 1048576K
Event: 19.102 GC heap after
Heap after GC invocations=8 (full 1):
 PSYoungGen      total 57856K, used 4916K [0x00000007aab00000, 0x00000007afe80000, 0x00000007c0000000)
  eden space 46592K, 0% used [0x00000007aab00000,0x00000007aab00000,0x00000007ad880000)
  from space 11264K, 43% used [0x00000007ad880000,0x00000007add4d330,0x00000007ae380000)
  to   space 10752K, 0% used [0x00000007af400000,0x00000007af400000,0x00000007afe80000)
 ParOldGen       total 66560K, used 9730K [0x0000000780000000, 0x0000000784100000, 0x00000007aab00000)
  object space 66560K, 14% used [0x0000000780000000,0x0000000780980a18,0x0000000784100000)
 Metaspace       used 27530K, capacity 27998K, committed 28160K, reserved 1073152K
  class space    used 3733K, capacity 3838K, committed 3840K, reserved 1048576K
}
Event: 20.026 GC heap before
{Heap before GC invocations=9 (full 1):
 PSYoungGen      total 57856K, used 51508K [0x00000007aab00000, 0x00000007afe80000, 0x00000007c0000000)
  eden space 46592K, 100% used [0x00000007aab00000,0x00000007ad880000,0x00000007ad880000)
  from space 11264K, 43% used [0x00000007ad880000,0x00000007add4d330,0x00000007ae380000)
  to   space 10752K, 0% used [0x00000007af400000,0x00000007af400000,0x00000007afe80000)
 ParOldGen       total 66560K, used 9730K [0x0000000780000000, 0x0000000784100000, 0x00000007aab00000)
  object space 66560K, 14% used [0x0000000780000000,0x0000000780980a18,0x0000000784100000)
 Metaspace       used 29927K, capacity 30504K, committed 30720K, reserved 1075200K
  class space    used 4044K, capacity 4227K, committed 4352K, reserved 1048576K
Event: 20.038 GC heap after
Heap after GC invocations=9 (full 1):
 PSYoungGen      total 74752K, used 6467K [0x00000007aab00000, 0x00000007b0180000, 0x00000007c0000000)
  eden space 64000K, 0% used [0x00000007aab00000,0x00000007aab00000,0x00000007ae980000)
  from space 10752K, 60% used [0x00000007af400000,0x00000007afa50fc8,0x00000007afe80000)
  to   space 10752K, 0% used [0x00000007ae980000,0x00000007ae980000,0x00000007af400000)
 ParOldGen       total 66560K, used 9738K [0x0000000780000000, 0x0000000784100000, 0x00000007aab00000)
  object space 66560K, 14% used [0x0000000780000000,0x0000000780982a18,0x0000000784100000)
 Metaspace       used 29927K, capacity 30504K, committed 30720K, reserved 1075200K
  class space    used 4044K, capacity 4227K, committed 4352K, reserved 1048576K
}
Event: 21.104 GC heap before
{Heap before GC invocations=10 (full 1):
 PSYoungGen      total 74752K, used 70467K [0x00000007aab00000, 0x00000007b0180000, 0x00000007c0000000)
  eden space 64000K, 100% used [0x00000007aab00000,0x00000007ae980000,0x00000007ae980000)
  from space 10752K, 60% used [0x00000007af400000,0x00000007afa50fc8,0x00000007afe80000)
  to   space 10752K, 0% used [0x00000007ae980000,0x00000007ae980000,0x00000007af400000)
 ParOldGen       total 66560K, used 9738K [0x0000000780000000, 0x0000000784100000, 0x00000007aab00000)
  object space 66560K, 14% used [0x0000000780000000,0x0000000780982a18,0x0000000784100000)
 Metaspace       used 33352K, capacity 34154K, committed 34560K, reserved 1079296K
  class space    used 4507K, capacity 4754K, committed 4864K, reserved 1048576K
Event: 21.124 GC heap after
Heap after GC invocations=10 (full 1):
 PSYoungGen      total 74752K, used 10738K [0x00000007aab00000, 0x00000007b1680000, 0x00000007c0000000)
  eden space 64000K, 0% used [0x00000007aab00000,0x00000007aab00000,0x00000007ae980000)
  from space 10752K, 99% used [0x00000007ae980000,0x00000007af3fca98,0x00000007af400000)
  to   space 12800K, 0% used [0x00000007b0a00000,0x00000007b0a00000,0x00000007b1680000)
 ParOldGen       total 66560K, used 12193K [0x0000000780000000, 0x0000000784100000, 0x00000007aab00000)
  object space 66560K, 18% used [0x0000000780000000,0x0000000780be8610,0x0000000784100000)
 Metaspace       used 33352K, capacity 34154K, committed 34560K, reserved 1079296K
  class space    used 4507K, capacity 4754K, committed 4864K, reserved 1048576K
}
Event: 21.251 GC heap before
{Heap before GC invocations=11 (full 1):
 PSYoungGen      total 74752K, used 15751K [0x00000007aab00000, 0x00000007b1680000, 0x00000007c0000000)
  eden space 64000K, 7% used [0x00000007aab00000,0x00000007aafe5280,0x00000007ae980000)
  from space 10752K, 99% used [0x00000007ae980000,0x00000007af3fca98,0x00000007af400000)
  to   space 12800K, 0% used [0x00000007b0a00000,0x00000007b0a00000,0x00000007b1680000)
 ParOldGen       total 66560K, used 12193K [0x0000000780000000, 0x0000000784100000, 0x00000007aab00000)
  object space 66560K, 18% used [0x0000000780000000,0x0000000780be8610,0x0000000784100000)
 Metaspace       used 34588K, capacity 35274K, committed 35456K, reserved 1079296K
  class space    used 4716K, capacity 4914K, committed 4992K, reserved 1048576K
Event: 21.273 GC heap after
Heap after GC invocations=11 (full 1):
 PSYoungGen      total 95744K, used 11281K [0x00000007aab00000, 0x00000007b2500000, 0x00000007c0000000)
  eden space 82944K, 0% used [0x00000007aab00000,0x00000007aab00000,0x00000007afc00000)
  from space 12800K, 88% used [0x00000007b0a00000,0x00000007b15047b0,0x00000007b1680000)
  to   space 14336K, 0% used [0x00000007afc00000,0x00000007afc00000,0x00000007b0a00000)
 ParOldGen       total 66560K, used 12201K [0x0000000780000000, 0x0000000784100000, 0x00000007aab00000)
  object space 66560K, 18% used [0x0000000780000000,0x0000000780bea610,0x0000000784100000)
 Metaspace       used 34588K, capacity 35274K, committed 35456K, reserved 1079296K
  class space    used 4716K, capacity 4914K, committed 4992K, reserved 1048576K
}
Event: 21.273 GC heap before
{Heap before GC invocations=12 (full 2):
 PSYoungGen      total 95744K, used 11281K [0x00000007aab00000, 0x00000007b2500000, 0x00000007c0000000)
  eden space 82944K, 0% used [0x00000007aab00000,0x00000007aab00000,0x00000007afc00000)
  from space 12800K, 88% used [0x00000007b0a00000,0x00000007b15047b0,0x00000007b1680000)
  to   space 14336K, 0% used [0x00000007afc00000,0x00000007afc00000,0x00000007b0a00000)
 ParOldGen       total 66560K, used 12201K [0x0000000780000000, 0x0000000784100000, 0x00000007aab00000)
  object space 66560K, 18% used [0x0000000780000000,0x0000000780bea610,0x0000000784100000)
 Metaspace       used 34588K, capacity 35274K, committed 35456K, reserved 1079296K
  class space    used 4716K, capacity 4914K, committed 4992K, reserved 1048576K
Event: 21.414 GC heap after
Heap after GC invocations=12 (full 2):
 PSYoungGen      total 95744K, used 0K [0x00000007aab00000, 0x00000007b2500000, 0x00000007c0000000)
  eden space 82944K, 0% used [0x00000007aab00000,0x00000007aab00000,0x00000007afc00000)
  from space 12800K, 0% used [0x00000007b0a00000,0x00000007b0a00000,0x00000007b1680000)
  to   space 14336K, 0% used [0x00000007afc00000,0x00000007afc00000,0x00000007b0a00000)
 ParOldGen       total 85504K, used 19207K [0x0000000780000000, 0x0000000785380000, 0x00000007aab00000)
  object space 85504K, 22% used [0x0000000780000000,0x00000007812c1ff8,0x0000000785380000)
 Metaspace       used 34588K, capacity 35274K, committed 35456K, reserved 1079296K
  class space    used 4716K, capacity 4914K, committed 4992K, reserved 1048576K
}

